TN:
SF:src\app.ts
FNF:0
FNH:0
DA:1,1
DA:2,1
DA:3,1
DA:4,1
DA:6,1
DA:8,1
DA:9,1
DA:10,1
DA:12,1
DA:14,1
DA:16,1
LF:11
LH:11
BRF:0
BRH:0
end_of_record
TN:
SF:src\domain-layer\entities\Order.ts
FN:27,(anonymous_2)
FNF:1
FNH:1
FNDA:11,(anonymous_2)
DA:1,1
DA:3,1
DA:5,1
DA:8,1
DA:11,1
DA:14,1
DA:17,1
DA:20,1
DA:23,1
DA:36,11
DA:37,11
DA:38,11
DA:39,11
DA:40,11
DA:41,11
DA:42,11
LF:16
LH:16
BRF:0
BRH:0
end_of_record
TN:
SF:src\persistance-layer\DatabaseConnection.ts
FN:9,(anonymous_8)
FN:22,(anonymous_9)
FN:26,(anonymous_10)
FN:34,(anonymous_12)
FNF:4
FNH:0
FNDA:0,(anonymous_8)
FNDA:0,(anonymous_9)
FNDA:0,(anonymous_10)
FNDA:0,(anonymous_12)
DA:1,1
DA:2,1
DA:4,1
DA:10,0
DA:23,0
DA:27,0
DA:28,0
DA:29,0
DA:31,0
DA:35,0
LF:10
LH:3
BRDA:27,0,0,0
BRDA:27,0,1,0
BRF:2
BRH:0
end_of_record
TN:
SF:src\service-layer\controllers\BaseController.ts
FN:8,(anonymous_0)
FN:17,(anonymous_1)
FN:21,(anonymous_2)
FNF:3
FNH:3
FNDA:1,(anonymous_0)
FNDA:1,(anonymous_1)
FNDA:12,(anonymous_2)
DA:1,1
DA:3,1
DA:9,1
DA:10,1
DA:12,1
DA:18,1
DA:22,12
DA:24,12
DA:25,4
DA:27,8
LF:10
LH:10
BRDA:24,0,0,4
BRDA:24,0,1,8
BRF:2
BRH:2
end_of_record
TN:
SF:src\service-layer\controllers\OrdersController.ts
FN:10,(anonymous_8)
FN:14,(anonymous_9)
FN:22,(anonymous_10)
FN:34,(anonymous_12)
FN:51,(anonymous_14)
FN:65,(anonymous_16)
FN:83,(anonymous_18)
FNF:7
FNH:7
FNDA:1,(anonymous_8)
FNDA:1,(anonymous_9)
FNDA:2,(anonymous_10)
FNDA:3,(anonymous_12)
FNDA:2,(anonymous_14)
FNDA:3,(anonymous_16)
FNDA:2,(anonymous_18)
DA:2,1
DA:3,1
DA:4,1
DA:5,1
DA:6,1
DA:7,1
DA:9,1
DA:11,1
DA:15,1
DA:16,1
DA:17,1
DA:18,1
DA:19,1
DA:23,2
DA:24,2
DA:26,2
DA:28,1
DA:30,1
DA:35,3
DA:36,3
DA:37,3
DA:39,3
DA:41,1
DA:43,2
DA:44,1
DA:46,1
DA:52,2
DA:53,2
DA:55,2
DA:57,2
DA:59,1
DA:61,1
DA:66,3
DA:67,3
DA:69,3
DA:71,3
DA:73,1
DA:75,2
DA:76,1
DA:78,1
DA:84,2
DA:85,2
DA:87,2
DA:89,2
DA:91,1
DA:93,1
LF:46
LH:46
BRDA:43,0,0,1
BRDA:43,0,1,1
BRDA:75,1,0,1
BRDA:75,1,1,1
BRF:4
BRH:4
end_of_record
TN:
SF:src\service-layer\tasks\AddOrderTask.ts
FN:19,(anonymous_8)
FN:23,(anonymous_9)
FNF:2
FNH:2
FNDA:1,(anonymous_8)
FNDA:1,(anonymous_9)
DA:1,1
DA:2,1
DA:16,1
DA:20,1
DA:24,1
DA:25,1
DA:26,1
DA:27,1
LF:8
LH:8
BRF:0
BRH:0
end_of_record
TN:
SF:src\service-layer\tasks\DeleteOrderTask.ts
FN:8,(anonymous_8)
FN:12,(anonymous_9)
FNF:2
FNH:2
FNDA:1,(anonymous_8)
FNDA:1,(anonymous_9)
DA:2,1
DA:3,1
DA:5,1
DA:9,1
DA:13,1
DA:14,1
DA:15,1
LF:7
LH:7
BRF:0
BRH:0
end_of_record
TN:
SF:src\service-layer\tasks\FindOrderTaks.ts
FN:9,(anonymous_8)
FN:13,(anonymous_9)
FNF:2
FNH:2
FNDA:2,(anonymous_8)
FNDA:2,(anonymous_9)
DA:1,1
DA:2,1
DA:5,1
DA:10,2
DA:14,2
DA:15,2
DA:17,2
DA:19,2
DA:20,1
DA:23,1
LF:10
LH:10
BRDA:19,0,0,1
BRDA:19,0,1,1
BRF:2
BRH:2
end_of_record
TN:
SF:src\service-layer\tasks\GetOrderListTaks.ts
FN:6,(anonymous_8)
FNF:1
FNH:1
FNDA:1,(anonymous_8)
DA:1,1
DA:2,1
DA:5,1
DA:7,1
DA:8,1
DA:9,1
LF:6
LH:6
BRF:0
BRH:0
end_of_record
TN:
SF:src\service-layer\tasks\UpdateOrderTask.ts
FN:19,(anonymous_8)
FN:23,(anonymous_9)
FNF:2
FNH:0
FNDA:0,(anonymous_8)
FNDA:0,(anonymous_9)
DA:1,1
DA:2,1
DA:3,1
DA:16,1
DA:20,0
DA:25,0
DA:27,0
DA:29,0
DA:30,0
DA:31,0
DA:32,0
DA:33,0
DA:34,0
DA:36,0
DA:37,0
DA:39,0
DA:41,0
LF:17
LH:4
BRF:0
BRH:0
end_of_record
